<?xml version="1.0" encoding="UTF-8"?>
<testsuite name="com.fitnessapp.util.HealthConnectManagerTest" tests="3" skipped="0" failures="0" errors="0" timestamp="2026-08-04T16:36:16.960Z" hostname="USER_05" time="0.016">
  <properties/>
  <testcase name="testWriteDataToHealthConnectWithZeroRecords" classname="com.fitnessapp.util.HealthConnectManagerTest" time="0.013"/>
  <testcase name="testWriteDataToHealthConnectWithRecords" classname="com.fitnessapp.util.HealthConnectManagerTest" time="0.003"/>
  <testcase name="testReadDataFromHealthConnectWithoutContext" classname="com.fitnessapp.util.HealthConnectManagerTest" time="0.0"/>
  <system-out><![CDATA[]]></system-out>
  <system-err><![CDATA[]]></system-err>
</testsuite>
