<?xml version="1.0" encoding="UTF-8"?>
<testsuite name="com.fitnessapp.ui.screens.food.FoodViewModelTest" tests="2" skipped="0" failures="0" errors="0" timestamp="2026-08-03T19:58:03.417Z" hostname="USER_05" time="0.318">
  <properties/>
  <testcase name="testDeleteAndRestoreEntry" classname="com.fitnessapp.ui.screens.food.FoodViewModelTest" time="0.308"/>
  <testcase name="testFoodViewModelTotalsCalculation" classname="com.fitnessapp.ui.screens.food.FoodViewModelTest" time="0.01"/>
  <system-out><![CDATA[]]></system-out>
  <system-err><![CDATA[]]></system-err>
</testsuite>
