<?xml version="1.0" encoding="UTF-8"?>
<testsuite name="com.fitnessapp.ui.screens.sleep.SleepViewModelTest" tests="2" skipped="0" failures="0" errors="0" timestamp="2026-08-04T14:05:14.566Z" hostname="USER_05" time="0.026">
  <properties/>
  <testcase name="testSleepViewModelScoreCalculation" classname="com.fitnessapp.ui.screens.sleep.SleepViewModelTest" time="0.015"/>
  <testcase name="testDeleteSleepEntry" classname="com.fitnessapp.ui.screens.sleep.SleepViewModelTest" time="0.011"/>
  <system-out><![CDATA[]]></system-out>
  <system-err><![CDATA[]]></system-err>
</testsuite>
