<?xml version="1.0" encoding="UTF-8"?>
<testsuite name="com.fitnessapp.util.HealthConnectManagerTest" tests="3" skipped="0" failures="0" errors="0" timestamp="2026-08-04T18:34:33.813Z" hostname="USER_05" time="0.022">
  <properties/>
  <testcase name="testWriteDataToHealthConnectWithZeroRecords" classname="com.fitnessapp.util.HealthConnectManagerTest" time="0.018"/>
  <testcase name="testWriteDataToHealthConnectWithRecords" classname="com.fitnessapp.util.HealthConnectManagerTest" time="0.004"/>
  <testcase name="testReadDataFromHealthConnectWithoutContext" classname="com.fitnessapp.util.HealthConnectManagerTest" time="0.0"/>
  <system-out><![CDATA[]]></system-out>
  <system-err><![CDATA[]]></system-err>
</testsuite>
