<?xml version="1.0" encoding="UTF-8"?>
<testsuite name="com.fitnessapp.util.DateUtilsTest" tests="3" skipped="0" failures="0" errors="0" timestamp="2026-08-04T08:36:22.812Z" hostname="USER_05" time="0.003">
  <properties/>
  <testcase name="testStartOfDayMillis" classname="com.fitnessapp.util.DateUtilsTest" time="0.001"/>
  <testcase name="testEndOfDayMillis" classname="com.fitnessapp.util.DateUtilsTest" time="0.001"/>
  <testcase name="testStartAndEndOfDayRange" classname="com.fitnessapp.util.DateUtilsTest" time="0.001"/>
  <system-out><![CDATA[]]></system-out>
  <system-err><![CDATA[]]></system-err>
</testsuite>
