<?xml version="1.0" encoding="UTF-8"?>
<testsuite name="com.fitnessapp.ai.HealthIntelligenceEngineTest" tests="2" skipped="0" failures="0" errors="0" timestamp="2026-08-04T15:30:53.480Z" hostname="USER_05" time="0.032">
  <properties/>
  <testcase name="buildReport calculates correct score with logged food water and sleep" classname="com.fitnessapp.ai.HealthIntelligenceEngineTest" time="0.028"/>
  <testcase name="buildReport returns default report when no data logged" classname="com.fitnessapp.ai.HealthIntelligenceEngineTest" time="0.004"/>
  <system-out><![CDATA[]]></system-out>
  <system-err><![CDATA[]]></system-err>
</testsuite>
